------------------------------------------------------------------------------
                           GCC Code Coverage Report
Directory: .
------------------------------------------------------------------------------
File                                       Lines    Exec  Cover   Missing
------------------------------------------------------------------------------
source/data/Atom.cpp                         176      97    55%   48-49,65-67,87,105,123-125,135-136,141-142,144-161,164,171-173,188,193-196,198,200-207,211,221-223,225,228-234,245-246,249-263
source/data/Body.cpp                         185     162    87%   30,141-149,154-157,223,227-230,259-260,263-264
source/data/BodySplitter.cpp                  50      47    94%   62,72,82
source/data/Footer.cpp                        16       6    37%   3,5,7,11-16,19
source/data/Header.cpp                        16       6    37%   3,5,7,13-18,21
source/data/Protein.cpp                      230     133    57%   31-33,45-47,49-50,58,70,72-75,79-80,87-88,91-92,95-96,99-103,106-110,113-117,159-161,167-169,198-200,202,213-214,231,297-300,306-307,309,312-314,316-318,320-322,325-338,341-343,346-348,352-359,361,364-365
source/data/StateManager.cpp                  38      33    86%   27-28,31-32,61
source/data/Terminate.cpp                     39      15    38%   10-15,18,36,50-51,59-60,65-75,78
source/em/CounterCulling.cpp                  10       0     0%   5-6,9-10,13-17,19
source/em/Datatypes.cpp                       35       4    11%   7-19,24-25,27-28,33-34,36-37,39-40,42-43,45-46,50-53
source/em/Image.cpp                           68      42    61%   54-56,69-74,77,80-84,88,91-97,101,104-105
source/em/ImageStack.cpp                     250      51    20%   53-54,57-59,64,66,70-71,74-75,78-79,82-83,86-89,91,94-97,100-101,103-104,107-110,113-116,121-123,127-129,131-133,138-143,145-151,154-158,161,163-165,167-172,177-178,180-181,183-184,187-189,192-198,201-203,206-212,218-219,222-225,228,241-243,247-249,253-256,259-260,262-264,266-267,272-274,276-278,281-283,286-288,291-293,296-298,301-303,306-308,311-314,317-320,322-323,326-328,331-334,337-339,342-346,348-350,352,355-356,385-386,389-390,393-394,397-400,402,414,418,438-439,442-446,448
source/em/NoCulling.cpp                        5       0     0%   3-7
source/em/PartialHistogramManager.cpp        104      91    87%   36-37,41,71,99,128,164-166,180-181,193-194
source/fitter/Fit.cpp                         31      10    32%   8-9,11-12,22-23,35,37-40,42,49-50,54-55,57-59,61,63
source/fitter/FitReporter.cpp                 40       0     0%   9-10,13,15-16,18-21,25-26,28-31,34-35,38-40,42-43,45-48,50,53-56,58-60,62-66,69
source/fitter/IntensityFitter.cpp             97      63    64%   18,123-124,126-128,130-133,136-137,139-141,143-146,148,151-152,154-156,158-162,165-166,169-170
source/fitter/SimpleIntensityFitter.cpp       98      51    52%   19-20,23-24,27-33,51-53,107-108,111-112,141,143-144,146-151,154-157,159,163-165,167,170-171,174,176,179-180,183-184,187-189
source/histogram/DebyeLookupTable.cpp         53      53   100%
source/histogram/Histogram.cpp                44      19    43%   37-40,43-44,47-50,52,55-57,60-63,65,67,70,72,74,76,78
source/histogram/PartialHistogramManager.cpp
                                             185     152    82%   48,158,217-219,222-232,235-237,240-250,253-255
source/histogram/ScatteringHistogram.cpp      77      26    33%   44,46-50,52-56,59,62-66,68,71,73,76,78-83,85,87,105-106,108-109,111,113,115,118-122,124,127-128,130-134,137,140
source/hydrate/AxesPlacement.cpp              60      60   100%
source/hydrate/ClusterCulling.cpp            167       0     0%   6-7,10-11,13-14,16,20-33,38-42,44-47,50-51,55-59,63-64,67,69-70,74-76,79,81,83-86,90-93,98,100-103,107-110,116,118,120-123,127-130,135,137-140,144-147,152-153,156-157,160-161,164-167,169-170,173-176,179-185,188-189,191,194-196,198,202-205,207-208,211-212,216-217,221,225-232,234,236,240-241,245-252,254,258-259,262,265-266,269-272,275-278,283-286,291-293,297,299
source/hydrate/CounterCulling.cpp             26       6    23%   13-17,20-29,31,33-36
source/hydrate/Grid.cpp                      369     290    78%   95-97,99-107,111,117,119,137-138,145-152,165,175,206,214,296-300,317,320-321,335,355,366,368,371-376,380-385,387-388,391-393,396-397,401-404,411,426,460,494,511,592-600,602
source/hydrate/GridObj.cpp                     5       3    60%   6,9
source/hydrate/JanPlacement.cpp               31      31   100%
source/hydrate/OutlierCulling.cpp             32       0     0%   8-12,15-22,25-27,29-33,37,41,44-48,50-51,54-55
source/hydrate/RadialPlacement.cpp           128     128   100%
source/io/File.cpp                            88      36    40%   13-14,23-25,30-32,35,37,57,61-62,74,76-77,79-80,82,85-90,92-96,98-99,102-105,108-115,121,125,129-133,135
source/io/PDBReader.cpp                       41      37    90%   50-53
source/io/PDBWriter.cpp                       22       0     0%   13-20,23-25,27-32,34,38,41,43-44
source/io/Reader.cpp                           2       0     0%   4-5
source/io/Writer.cpp                           2       0     0%   4-5
source/math/LUPDecomposition.cpp              33      33   100%
source/math/MatrixUtils.cpp                   40      37    92%   49-51
source/math/SimpleLeastSquares.cpp            39      31    79%   17,67-68,72-73,77,79-80
source/minimizer/Golden.cpp                   69      44    63%   7,9,11-12,30,67-69,71-76,78-79,82,85-86,88-92,94
source/minimizer/Minimizer.cpp                44      32    72%   8-9,24-26,44-45,48-49,52-53,58
source/minimizer/MinimumExplorer.cpp         116       0     0%   7,9,11-12,15-16,20-21,23-27,30-32,35-41,44-47,49,52,54-55,58,61-66,69,71-74,78-81,85-87,91,94-99,102,104-107,111-114,118-120,124,127-128,130,132-140,143-144,146,151,153-161,164-165,167,172,175-176,178-182,184,187-191,194-197
source/minimizer/ROOTMinimizer.cpp            75      46    61%   7-8,11-14,23-26,29-32,42,46-47,49-53,55,83,90-91,105-106,108
source/minimizer/Scan.cpp                     50      38    76%   8,10,12-13,28-30,41-42,46,50-51
source/minimizer/Utility.cpp                  46      17    37%   9,11-12,24-26,29-30,39,44-48,50-54,58,61-63,65-66,69-70,73-74
source/plots/Plot.cpp                        133      42    31%   13-14,17-18,46,48-49,52,74-77,79,81,84-85,91,102-103,105-107,109-113,115-120,122,125,128-130,133-134,136-137,140,144-146,150,152,155-156,159-160,168-170,173-177,180,182-187,190-194,196-199,203-204,206-207,210,214-216,220,223-227,229
source/plots/PlotDataset.cpp                  27      20    74%   19-20,22-23,50-52
source/plots/PlotDistance.cpp                 29       0     0%   16,18-19,21-22,25-28,31-34,38-41,44-50,53-54,57-59
source/plots/PlotHistogram.cpp                15       0     0%   7-9,12,14-16,19-21,24-26,29-30
source/plots/PlotImage.cpp                    68       0     0%   10-13,15-18,20-22,24-26,29-36,38-45,48,50-52,55-63,65-66,68-70,73-74,76,78-80,82-84,86-89,91-92,94-95,98-100
source/plots/PlotIntensity.cpp                87      41    47%   18-20,28-30,54-56,59-61,75-78,80-83,86-87,91-99,101-109,112-117
source/plots/PlotIntensityFit.cpp             35       0     0%   13-16,19-21,24-26,29,31-33,36-38,41-45,47-51,53-55,58-61,63
source/plots/PlotIntensityFitResiduals.cpp
                                              28       0     0%   13-16,19-21,24-26,29,31-33,36-38,41-43,45-47,50-54
source/plots/PlotOptions.cpp                 103      67    65%   17,21-24,39-42,54,58,60-61,65-68,72-75,79,89,98,108-109,111,118,124,132-133,135,165,167,171,173
source/plots/PlotResolutionComparison.cpp
                                              21       0     0%   13-14,17-19,22-24,26,29-31,33,36,38-41,44-46
source/rigidbody/Parameters.cpp               10       0     0%   3-6,10-11,14-15,18-19
source/rigidbody/RigidBody.cpp                96      43    44%   18-19,27-28,36-40,45-49,51-53,55-57,59-60,63,66-68,71-72,75-76,78,81-85,87-88,90-93,97-100,105-106,150-151,154-156
source/rigidbody/TransformationStrategy.cpp
                                              28      28   100%
source/utility/Dataset.cpp                   111      80    72%   22-25,38,41-44,47,62-63,71-72,75-76,79-80,92,134-135,168-170,173,185,191-193,196,198
source/utility/Dataset2D.cpp                  47      30    63%   41-43,51-55,58-60,63-64,67-68,74,80
source/utility/Multiset.cpp                   40       0     0%   6,8,10,12-13,16-17,20-22,25-27,30-31,34-35,38-39,42-43,46-47,50-51,54,56-57,60-62,67-71,76-77,79-80
source/utility/ResidueMap.cpp                 27      22    81%   21,24-26,28
source/utility/ResidueParser.cpp             172     134    77%   16,22,32-33,40-41,47-48,55-56,64-66,69-71,82-85,87,100-101,132,134-138,170,204,232,241,279,288,308-310
source/utility/Settings.cpp                  105      85    81%   25,90-96,102-105,122,142,152-154,164-165,173
source/utility/SimpleDataset.cpp             236     141    59%   23,56-57,60,106,114,117-119,122-123,125-128,133,140-142,144-146,149,151,156,170-173,175-179,181,184-186,193-195,208-210,223-226,230,239-240,254-255,258-259,261,264-267,270-276,280-283,285,291,300,304-307,310-316,319-320,355-361,363
source/utility/Type.cpp                        4       0     0%   7-10
source/utility/Utility.cpp                   104      78    75%   13,18-21,43-44,47-48,51-53,157-159,162-167,169,174-176,179
------------------------------------------------------------------------------
TOTAL                                       4858    2741    56%
------------------------------------------------------------------------------
